<?xml version="1.0" encoding="UTF-8"?>
<!-- Generated by org.testng.reporters.JUnitReportReporter -->
<testsuite hostname="DESKTOP-EQ1TCP1" failures="0" tests="1" name="com.bridgelabz.TestApi" time="20.448" errors="0" timestamp="2022-02-21T22:26:08 IST" skipped="0">
  <testcase classname="com.bridgelabz.TestApi" name="getTest" time="20.448"/>
  <system-out/>
</testsuite> <!-- com.bridgelabz.TestApi -->
