<?xml version="1.0" encoding="UTF-8"?>
<!-- Generated by org.testng.reporters.JUnitReportReporter -->
<testsuite hostname="DESKTOP-EQ1TCP1" failures="0" tests="1" name="com.bridgelabz.TestTwitterApi" time="8.206" errors="0" timestamp="2022-02-24T11:11:15 IST" skipped="0">
  <testcase classname="com.bridgelabz.TestTwitterApi" name="delete" time="8.206"/>
  <system-out/>
</testsuite> <!-- com.bridgelabz.TestTwitterApi -->
