<?xml version="1.0" encoding="UTF-8"?>
<!-- Generated by org.testng.reporters.JUnitReportReporter -->
<testsuite hostname="DESKTOP-EQ1TCP1" failures="0" tests="1" name="com.bridgelabz.TwitterApiTest" time="6.661" errors="0" timestamp="2022-02-24T19:03:53 IST" skipped="0">
  <testcase classname="com.bridgelabz.TwitterApiTest" name="delete" time="6.661"/>
  <system-out/>
</testsuite> <!-- com.bridgelabz.TwitterApiTest -->
