<?xml version="1.0" encoding="UTF-8"?>
<!-- Generated by org.testng.reporters.JUnitReportReporter -->
<testsuite hostname="DESKTOP-EQ1TCP1" failures="0" tests="4" name="com.bridgelabz.TestApiBdd" time="17.001" errors="0" timestamp="2022-02-22T22:54:44 IST" skipped="0">
  <testcase classname="com.bridgelabz.TestApiBdd" name="deleteTest" time="16.364"/>
  <system-out/>
  <testcase classname="com.bridgelabz.TestApiBdd" name="getTest" time="0.262"/>
  <system-out/>
  <testcase classname="com.bridgelabz.TestApiBdd" name="putTest" time="0.151"/>
  <system-out/>
  <testcase classname="com.bridgelabz.TestApiBdd" name="postTest" time="0.224"/>
  <system-out/>
</testsuite> <!-- com.bridgelabz.TestApiBdd -->
